Performing system checks...

System check identified no issues (0 silenced).
July 15, 2026 - 20:13:52
Django version 6.0.5, using settings 'UltraCoachMatrix.settings'
Starting development server at http://127.0.0.1:8012/
Quit the server with CTRL-BREAK.

WARNING: This is a development server. Do not use it in a production setting. Use a production WSGI or ASGI server instead.
For more information on production servers see: https://docs.djangoproject.com/en/6.0/howto/deployment/
Performing system checks...

System check identified no issues (0 silenced).
July 15, 2026 - 20:17:40
Django version 6.0.5, using settings 'UltraCoachMatrix.settings'
Starting development server at http://127.0.0.1:8012/
Quit the server with CTRL-BREAK.

WARNING: This is a development server. Do not use it in a production setting. Use a production WSGI or ASGI server instead.
For more information on production servers see: https://docs.djangoproject.com/en/6.0/howto/deployment/
Performing system checks...

System check identified no issues (0 silenced).
July 15, 2026 - 20:18:05
Django version 6.0.5, using settings 'UltraCoachMatrix.settings'
Starting development server at http://127.0.0.1:8012/
Quit the server with CTRL-BREAK.

WARNING: This is a development server. Do not use it in a production setting. Use a production WSGI or ASGI server instead.
For more information on production servers see: https://docs.djangoproject.com/en/6.0/howto/deployment/
Performing system checks...

System check identified no issues (0 silenced).
July 15, 2026 - 20:18:22
Django version 6.0.5, using settings 'UltraCoachMatrix.settings'
Starting development server at http://127.0.0.1:8012/
Quit the server with CTRL-BREAK.

WARNING: This is a development server. Do not use it in a production setting. Use a production WSGI or ASGI server instead.
For more information on production servers see: https://docs.djangoproject.com/en/6.0/howto/deployment/
Performing system checks...

System check identified no issues (0 silenced).
July 15, 2026 - 20:18:30
Django version 6.0.5, using settings 'UltraCoachMatrix.settings'
Starting development server at http://127.0.0.1:8012/
Quit the server with CTRL-BREAK.

WARNING: This is a development server. Do not use it in a production setting. Use a production WSGI or ASGI server instead.
For more information on production servers see: https://docs.djangoproject.com/en/6.0/howto/deployment/
Performing system checks...

System check identified no issues (0 silenced).
July 15, 2026 - 20:18:45
Django version 6.0.5, using settings 'UltraCoachMatrix.settings'
Starting development server at http://127.0.0.1:8012/
Quit the server with CTRL-BREAK.

WARNING: This is a development server. Do not use it in a production setting. Use a production WSGI or ASGI server instead.
For more information on production servers see: https://docs.djangoproject.com/en/6.0/howto/deployment/
Performing system checks...

System check identified no issues (0 silenced).
July 15, 2026 - 20:18:55
Django version 6.0.5, using settings 'UltraCoachMatrix.settings'
Starting development server at http://127.0.0.1:8012/
Quit the server with CTRL-BREAK.

WARNING: This is a development server. Do not use it in a production setting. Use a production WSGI or ASGI server instead.
For more information on production servers see: https://docs.djangoproject.com/en/6.0/howto/deployment/
Performing system checks...

System check identified no issues (0 silenced).
July 15, 2026 - 20:19:16
Django version 6.0.5, using settings 'UltraCoachMatrix.settings'
Starting development server at http://127.0.0.1:8012/
Quit the server with CTRL-BREAK.

WARNING: This is a development server. Do not use it in a production setting. Use a production WSGI or ASGI server instead.
For more information on production servers see: https://docs.djangoproject.com/en/6.0/howto/deployment/
Performing system checks...

System check identified no issues (0 silenced).
July 15, 2026 - 20:23:35
Django version 6.0.5, using settings 'UltraCoachMatrix.settings'
Starting development server at http://127.0.0.1:8012/
Quit the server with CTRL-BREAK.

WARNING: This is a development server. Do not use it in a production setting. Use a production WSGI or ASGI server instead.
For more information on production servers see: https://docs.djangoproject.com/en/6.0/howto/deployment/
Performing system checks...

System check identified no issues (0 silenced).
July 15, 2026 - 20:24:30
Django version 6.0.5, using settings 'UltraCoachMatrix.settings'
Starting development server at http://127.0.0.1:8012/
Quit the server with CTRL-BREAK.

WARNING: This is a development server. Do not use it in a production setting. Use a production WSGI or ASGI server instead.
For more information on production servers see: https://docs.djangoproject.com/en/6.0/howto/deployment/
Performing system checks...

System check identified no issues (0 silenced).
July 15, 2026 - 21:54:52
Django version 6.0.5, using settings 'UltraCoachMatrix.settings'
Starting development server at http://127.0.0.1:8012/
Quit the server with CTRL-BREAK.

WARNING: This is a development server. Do not use it in a production setting. Use a production WSGI or ASGI server instead.
For more information on production servers see: https://docs.djangoproject.com/en/6.0/howto/deployment/
Performing system checks...

System check identified no issues (0 silenced).
July 15, 2026 - 21:54:56
Django version 6.0.5, using settings 'UltraCoachMatrix.settings'
Starting development server at http://127.0.0.1:8012/
Quit the server with CTRL-BREAK.

WARNING: This is a development server. Do not use it in a production setting. Use a production WSGI or ASGI server instead.
For more information on production servers see: https://docs.djangoproject.com/en/6.0/howto/deployment/
Performing system checks...

System check identified no issues (0 silenced).
July 15, 2026 - 21:55:12
Django version 6.0.5, using settings 'UltraCoachMatrix.settings'
Starting development server at http://127.0.0.1:8012/
Quit the server with CTRL-BREAK.

WARNING: This is a development server. Do not use it in a production setting. Use a production WSGI or ASGI server instead.
For more information on production servers see: https://docs.djangoproject.com/en/6.0/howto/deployment/
Performing system checks...

System check identified no issues (0 silenced).
July 15, 2026 - 21:55:20
Django version 6.0.5, using settings 'UltraCoachMatrix.settings'
Starting development server at http://127.0.0.1:8012/
Quit the server with CTRL-BREAK.

WARNING: This is a development server. Do not use it in a production setting. Use a production WSGI or ASGI server instead.
For more information on production servers see: https://docs.djangoproject.com/en/6.0/howto/deployment/
Performing system checks...

System check identified no issues (0 silenced).
July 15, 2026 - 21:55:26
Django version 6.0.5, using settings 'UltraCoachMatrix.settings'
Starting development server at http://127.0.0.1:8012/
Quit the server with CTRL-BREAK.

WARNING: This is a development server. Do not use it in a production setting. Use a production WSGI or ASGI server instead.
For more information on production servers see: https://docs.djangoproject.com/en/6.0/howto/deployment/
Performing system checks...

System check identified no issues (0 silenced).
July 15, 2026 - 21:55:51
Django version 6.0.5, using settings 'UltraCoachMatrix.settings'
Starting development server at http://127.0.0.1:8012/
Quit the server with CTRL-BREAK.

WARNING: This is a development server. Do not use it in a production setting. Use a production WSGI or ASGI server instead.
For more information on production servers see: https://docs.djangoproject.com/en/6.0/howto/deployment/
Performing system checks...

System check identified no issues (0 silenced).
July 15, 2026 - 21:55:58
Django version 6.0.5, using settings 'UltraCoachMatrix.settings'
Starting development server at http://127.0.0.1:8012/
Quit the server with CTRL-BREAK.

WARNING: This is a development server. Do not use it in a production setting. Use a production WSGI or ASGI server instead.
For more information on production servers see: https://docs.djangoproject.com/en/6.0/howto/deployment/
